{'accept': ['Exit'],
 'alphabet': ['left', 'up', 'right', 'down'],
 'rules': {'Bathroom': {'down': ['Bathroom'],
                        'left': ['Library1'],
                        'right': ['Bathroom'],
                        'up': ['Bathroom2']},
           'Bathroom1': {'down': ['Bathroom1'],
                         'left': ['SecretRoom4'],
                         'right': ['Bathroom1'],
                         'up': ['SecretRoom1']},
           'Bathroom10': {'down': ['Library10'],
                          'left': ['Bathroom10'],
                          'right': ['Library5'],
                          'up': ['Library9']},
           'Bathroom11': {'down': ['Bathroom11'],
                          'left': ['Bathroom11'],
                          'right': ['SecretRoom5'],
                          'up': ['Bathroom13']},
           'Bathroom12': {'down': ['Bathroom12'],
                          'left': ['SecretRoom12'],
                          'right': ['Bathroom12'],
                          'up': ['Kitchen4']},
           'Bathroom13': {'down': ['Bathroom11'],
                          'left': ['Bathroom15'],
                          'right': ['Bathroom13'],
                          'up': ['Bathroom13']},
           'Bathroom14': {'down': ['Bathroom14'],
                          'left': ['Bathroom14'],
                          'right': ['Library10'],
                          'up': ['Dungeon17']},
           'Bathroom15': {'down': ['SecretRoom16'],
                          'left': ['Bathroom15'],
                          'right': ['Bathroom13'],
                          'up': ['SecretRoom17']},
           'Bathroom16': {'down': ['Bathroom16'],
                          'left': ['Bathroom16'],
                          'right': ['Dungeon19'],
                          'up': ['Dungeon9']},
           'Bathroom17': {'down': ['Library11'],
                          'left': ['Bathroom17'],
                          'right': ['SecretRoom19'],
                          'up': ['Bathroom17']},
           'Bathroom2': {'down': ['Bathroom'],
                         'left': ['Bathroom2'],
                         'right': ['Bathroom3'],
                         'up': ['Bathroom2']},
           'Bathroom3': {'down': ['Bathroom3'],
                         'left': ['Bathroom2'],
                         'right': ['Bathroom3'],
                         'up': ['Bathroom8']},
           'Bathroom4': {'down': ['Bathroom4'],
                         'left': ['Bathroom9'],
                         'right': ['Bathroom4'],
                         'up': ['Dungeon2']},
           'Bathroom5': {'down': ['Bathroom5'],
                         'left': ['Kitchen4'],
                         'right': ['Bathroom5'],
                         'up': ['SecretRoom4']},
           'Bathroom6': {'down': ['Bathroom6'],
                         'left': ['Kitchen5'],
                         'right': ['Bathroom6'],
                         'up': ['Dungeon4']},
           'Bathroom7': {'down': ['Kitchen1'],
                         'left': ['Bathroom7'],
                         'right': ['Library7'],
                         'up': ['Bathroom7']},
           'Bathroom8': {'down': ['Bathroom3'],
                         'left': ['Bathroom8'],
                         'right': ['SecretRoom7'],
                         'up': ['Bathroom8']},
           'Bathroom9': {'down': ['Dungeon7'],
                         'left': ['Bathroom9'],
                         'right': ['Bathroom4'],
                         'up': ['Bathroom9']},
           'Dungeon': {'down': ['Dungeon1'],
                       'left': ['Library'],
                       'right': ['Dungeon'],
                       'up': ['Library2']},
           'Dungeon1': {'down': ['Dungeon1'],
                        'left': ['Dungeon2'],
                        'right': ['SecretRoom3'],
                        'up': ['Dungeon']},
           'Dungeon10': {'down': ['Dungeon14'],
                         'left': ['Dungeon10'],
                         'right': ['SecretRoom9'],
                         'up': ['Dungeon10']},
           'Dungeon11': {'down': ['SecretRoom14'],
                         'left': ['Dungeon11'],
                         'right': ['Dungeon7'],
                         'up': ['Dungeon11']},
           'Dungeon12': {'down': ['Dungeon12'],
                         'left': ['Dungeon12'],
                         'right': ['Library9'],
                         'up': ['Kitchen15']},
           'Dungeon13': {'down': ['Dungeon13'],
                         'left': ['Dungeon13'],
                         'right': ['Kitchen8'],
                         'up': ['Kitchen16']},
           'Dungeon14': {'down': ['Dungeon14'],
                         'left': ['Library17'],
                         'right': ['SecretRoom20'],
                         'up': ['Dungeon10']},
           'Dungeon15': {'down': ['Dungeon15'],
                         'left': ['Dungeon15'],
                         'right': ['Kitchen18'],
                         'up': ['Kitchen10']},
           'Dungeon16': {'down': ['SecretRoom11'],
                         'left': ['Dungeon16'],
                         'right': ['Library18'],
                         'up': ['Dungeon16']},
           'Dungeon17': {'down': ['Bathroom14'],
                         'left': ['SecretRoom22'],
                         'right': ['Dungeon17'],
                         'up': ['Dungeon17']},
           'Dungeon18': {'down': ['Library13'],
                         'left': ['Dungeon18'],
                         'right': ['Dungeon18'],
                         'up': ['Dungeon18']},
           'Dungeon19': {'down': ['Dungeon19'],
                         'left': ['Bathroom16'],
                         'right': ['Dungeon19'],
                         'up': ['Dungeon19']},
           'Dungeon2': {'down': ['Bathroom4'],
                        'left': ['Dungeon2'],
                        'right': ['Dungeon1'],
                        'up': ['Dungeon2']},
           'Dungeon20': {'down': ['Dungeon20'],
                         'left': ['Dungeon20'],
                         'right': ['SecretRoom14'],
                         'up': ['Dungeon20']},
           'Dungeon3': {'down': ['Dungeon3'],
                        'left': ['Library2'],
                        'right': ['Dungeon3'],
                        'up': ['Library4']},
           'Dungeon4': {'down': ['Bathroom6'],
                        'left': ['Dungeon4'],
                        'right': ['SecretRoom2'],
                        'up': ['SecretRoom5']},
           'Dungeon5': {'down': ['SecretRoom9'],
                        'left': ['Dungeon5'],
                        'right': ['Library3'],
                        'up': ['Dungeon5']},
           'Dungeon6': {'down': ['Dungeon6'],
                        'left': ['SecretRoom5'],
                        'right': ['Dungeon6'],
                        'up': ['SecretRoom10']},
           'Dungeon7': {'down': ['Dungeon7'],
                        'left': ['Dungeon11'],
                        'right': ['Dungeon7'],
                        'up': ['Bathroom9']},
           'Dungeon8': {'down': ['Kitchen5'],
                        'left': ['Kitchen13'],
                        'right': ['Dungeon8'],
                        'up': ['Dungeon8']},
           'Dungeon9': {'down': ['Bathroom16'],
                        'left': ['Library8'],
                        'right': ['Dungeon9'],
                        'up': ['Dungeon9']},
           'Entrance': {'down': ['Entrance'],
                        'left': ['Entrance'],
                        'right': ['SecretRoom'],
                        'up': ['Entrance']},
           'Exit': {'down': ['SecretRoom23'],
                    'left': ['Exit'],
                    'right': ['Exit'],
                    'up': ['Exit']},
           'Kitchen': {'down': ['Kitchen'],
                       'left': ['Kitchen'],
                       'right': ['Library1'],
                       'up': ['SecretRoom2']},
           'Kitchen1': {'down': ['Kitchen1'],
                        'left': ['SecretRoom2'],
                        'right': ['Kitchen1'],
                        'up': ['Bathroom7']},
           'Kitchen10': {'down': ['Dungeon15'],
                         'left': ['SecretRoom9'],
                         'right': ['Kitchen10'],
                         'up': ['Kitchen10']},
           'Kitchen11': {'down': ['Library15'],
                         'left': ['Kitchen6'],
                         'right': ['Kitchen11'],
                         'up': ['Kitchen11']},
           'Kitchen12': {'down': ['Kitchen12'],
                         'left': ['Kitchen12'],
                         'right': ['SecretRoom10'],
                         'up': ['SecretRoom15']},
           'Kitchen13': {'down': ['Kitchen13'],
                         'left': ['Kitchen13'],
                         'right': ['Dungeon8'],
                         'up': ['Kitchen13']},
           'Kitchen14': {'down': ['Kitchen14'],
                         'left': ['Library19'],
                         'right': ['Kitchen14'],
                         'up': ['SecretRoom12']},
           'Kitchen15': {'down': ['Dungeon12'],
                         'left': ['SecretRoom21'],
                         'right': ['Kitchen15'],
                         'up': ['Kitchen15']},
           'Kitchen16': {'down': ['Dungeon13'],
                         'left': ['Kitchen16'],
                         'right': ['Kitchen16'],
                         'up': ['Kitchen16']},
           'Kitchen17': {'down': ['Kitchen17'],
                         'left': ['Library14'],
                         'right': ['Kitchen17'],
                         'up': ['Kitchen17']},
           'Kitchen18': {'down': ['Kitchen18'],
                         'left': ['Dungeon15'],
                         'right': ['Kitchen18'],
                         'up': ['Kitchen18']},
           'Kitchen19': {'down': ['Kitchen19'],
                         'left': ['Library15'],
                         'right': ['Kitchen19'],
                         'up': ['Kitchen19']},
           'Kitchen2': {'down': ['SecretRoom3'],
                        'left': ['Kitchen2'],
                        'right': ['SecretRoom6'],
                        'up': ['Kitchen2']},
           'Kitchen20': {'down': ['Kitchen20'],
                         'left': ['Kitchen20'],
                         'right': ['Library16'],
                         'up': ['Kitchen20']},
           'Kitchen21': {'down': ['Kitchen21'],
                         'left': ['Kitchen21'],
                         'right': ['SecretRoom15'],
                         'up': ['Kitchen21']},
           'Kitchen3': {'down': ['Kitchen3'],
                        'left': ['Library4'],
                        'right': ['Kitchen3'],
                        'up': ['Kitchen7']},
           'Kitchen4': {'down': ['Bathroom12'],
                        'left': ['Kitchen4'],
                        'right': ['Bathroom5'],
                        'up': ['Kitchen4']},
           'Kitchen5': {'down': ['Kitchen5'],
                        'left': ['Kitchen5'],
                        'right': ['Bathroom6'],
                        'up': ['Dungeon8']},
           'Kitchen6': {'down': ['Kitchen6'],
                        'left': ['Kitchen6'],
                        'right': ['Kitchen11'],
                        'up': ['Library6']},
           'Kitchen7': {'down': ['Kitchen3'],
                        'left': ['Kitchen7'],
                        'right': ['SecretRoom11'],
                        'up': ['Kitchen7']},
           'Kitchen8': {'down': ['Library7'],
                        'left': ['Dungeon13'],
                        'right': ['SecretRoom13'],
                        'up': ['Kitchen8']},
           'Kitchen9': {'down': ['SecretRoom7'],
                        'left': ['Kitchen9'],
                        'right': ['Library13'],
                        'up': ['Kitchen9']},
           'Library': {'down': ['Library'],
                       'left': ['SecretRoom1'],
                       'right': ['Dungeon'],
                       'up': ['SecretRoom']},
           'Library1': {'down': ['SecretRoom'],
                        'left': ['Kitchen'],
                        'right': ['Bathroom'],
                        'up': ['Library1']},
           'Library10': {'down': ['Library10'],
                         'left': ['Bathroom14'],
                         'right': ['Library10'],
                         'up': ['Bathroom10']},
           'Library11': {'down': ['Library14'],
                         'left': ['SecretRoom8'],
                         'right': ['Library11'],
                         'up': ['Bathroom17']},
           'Library12': {'down': ['Library12'],
                         'left': ['Library9'],
                         'right': ['Library12'],
                         'up': ['Library12']},
           'Library13': {'down': ['Library13'],
                         'left': ['Kitchen9'],
                         'right': ['Library13'],
                         'up': ['Dungeon18']},
           'Library14': {'down': ['Library14'],
                         'left': ['Library14'],
                         'right': ['Kitchen17'],
                         'up': ['Library11']},
           'Library15': {'down': ['Library15'],
                         'left': ['Library15'],
                         'right': ['Kitchen19'],
                         'up': ['Kitchen11']},
           'Library16': {'down': ['SecretRoom12'],
                         'left': ['Kitchen20'],
                         'right': ['Library16'],
                         'up': ['Library16']},
           'Library17': {'down': ['Library17'],
                         'left': ['Library17'],
                         'right': ['Dungeon14'],
                         'up': ['Library17']},
           'Library18': {'down': ['Library18'],
                         'left': ['Dungeon16'],
                         'right': ['Library18'],
                         'up': ['Library18']},
           'Library19': {'down': ['Library19'],
                         'left': ['Library19'],
                         'right': ['Kitchen14'],
                         'up': ['Library19']},
           'Library2': {'down': ['Dungeon'],
                        'left': ['Library2'],
                        'right': ['Dungeon3'],
                        'up': ['Library2']},
           'Library3': {'down': ['Library3'],
                        'left': ['Dungeon5'],
                        'right': ['Library6'],
                        'up': ['SecretRoom3']},
           'Library4': {'down': ['Dungeon3'],
                        'left': ['Library4'],
                        'right': ['Kitchen3'],
                        'up': ['Library4']},
           'Library5': {'down': ['SecretRoom4'],
                        'left': ['Bathroom10'],
                        'right': ['Library5'],
                        'up': ['Library5']},
           'Library6': {'down': ['Kitchen6'],
                        'left': ['Library3'],
                        'right': ['Library6'],
                        'up': ['Library6']},
           'Library7': {'down': ['Library7'],
                        'left': ['Bathroom7'],
                        'right': ['Library7'],
                        'up': ['Kitchen8']},
           'Library8': {'down': ['Library8'],
                        'left': ['Library8'],
                        'right': ['Dungeon9'],
                        'up': ['SecretRoom6']},
           'Library9': {'down': ['Bathroom10'],
                        'left': ['Dungeon12'],
                        'right': ['Library12'],
                        'up': ['Library9']},
           'SecretRoom': {'down': ['Library'],
                          'left': ['Entrance'],
                          'right': ['SecretRoom'],
                          'up': ['Library1']},
           'SecretRoom1': {'down': ['Bathroom1'],
                           'left': ['SecretRoom1'],
                           'right': ['Library'],
                           'up': ['SecretRoom1']},
           'SecretRoom10': {'down': ['Dungeon6'],
                            'left': ['Kitchen12'],
                            'right': ['SecretRoom10'],
                            'up': ['SecretRoom10']},
           'SecretRoom11': {'down': ['SecretRoom11'],
                            'left': ['Kitchen7'],
                            'right': ['SecretRoom11'],
                            'up': ['Dungeon16']},
           'SecretRoom12': {'down': ['Kitchen14'],
                            'left': ['SecretRoom12'],
                            'right': ['Bathroom12'],
                            'up': ['Library16']},
           'SecretRoom13': {'down': ['SecretRoom13'],
                            'left': ['Kitchen8'],
                            'right': ['SecretRoom13'],
                            'up': ['SecretRoom18']},
           'SecretRoom14': {'down': ['SecretRoom14'],
                            'left': ['Dungeon20'],
                            'right': ['SecretRoom14'],
                            'up': ['Dungeon11']},
           'SecretRoom15': {'down': ['Kitchen12'],
                            'left': ['Kitchen21'],
                            'right': ['SecretRoom23'],
                            'up': ['SecretRoom15']},
           'SecretRoom16': {'down': ['SecretRoom16'],
                            'left': ['SecretRoom16'],
                            'right': ['SecretRoom16'],
                            'up': ['Bathroom15']},
           'SecretRoom17': {'down': ['Bathroom15'],
                            'left': ['SecretRoom17'],
                            'right': ['SecretRoom17'],
                            'up': ['SecretRoom17']},
           'SecretRoom18': {'down': ['SecretRoom13'],
                            'left': ['SecretRoom18'],
                            'right': ['SecretRoom18'],
                            'up': ['SecretRoom18']},
           'SecretRoom19': {'down': ['SecretRoom19'],
                            'left': ['Bathroom17'],
                            'right': ['SecretRoom19'],
                            'up': ['SecretRoom19']},
           'SecretRoom2': {'down': ['Kitchen'],
                           'left': ['Dungeon4'],
                           'right': ['Kitchen1'],
                           'up': ['SecretRoom2']},
           'SecretRoom20': {'down': ['SecretRoom20'],
                            'left': ['Dungeon14'],
                            'right': ['SecretRoom20'],
                            'up': ['SecretRoom20']},
           'SecretRoom21': {'down': ['SecretRoom21'],
                            'left': ['SecretRoom21'],
                            'right': ['Kitchen15'],
                            'up': ['SecretRoom21']},
           'SecretRoom22': {'down': ['SecretRoom22'],
                            'left': ['SecretRoom22'],
                            'right': ['Dungeon17'],
                            'up': ['SecretRoom22']},
           'SecretRoom23': {'down': ['SecretRoom23'],
                            'left': ['SecretRoom15'],
                            'right': ['SecretRoom23'],
                            'up': ['Exit']},
           'SecretRoom3': {'down': ['Library3'],
                           'left': ['Dungeon1'],
                           'right': ['SecretRoom3'],
                           'up': ['Kitchen2']},
           'SecretRoom4': {'down': ['Bathroom5'],
                           'left': ['SecretRoom4'],
                           'right': ['Bathroom1'],
                           'up': ['Library5']},
           'SecretRoom5': {'down': ['Dungeon4'],
                           'left': ['Bathroom11'],
                           'right': ['Dungeon6'],
                           'up': ['SecretRoom5']},
           'SecretRoom6': {'down': ['Library8'],
                           'left': ['Kitchen2'],
                           'right': ['SecretRoom6'],
                           'up': ['SecretRoom8']},
           'SecretRoom7': {'down': ['SecretRoom7'],
                           'left': ['Bathroom8'],
                           'right': ['SecretRoom7'],
                           'up': ['Kitchen9']},
           'SecretRoom8': {'down': ['SecretRoom6'],
                           'left': ['SecretRoom8'],
                           'right': ['Library11'],
                           'up': ['SecretRoom8']},
           'SecretRoom9': {'down': ['SecretRoom9'],
                           'left': ['Dungeon10'],
                           'right': ['Kitchen10'],
                           'up': ['Dungeon5']}},
 'start': 'Entrance',
 'states': [' Entrance',
            'SecretRoom',
            'Library',
            'Library1',
            'Dungeon',
            'SecretRoom1',
            'Kitchen',
            'Bathroom',
            'Dungeon1',
            'Library2',
            'Bathroom1',
            'SecretRoom2',
            'Bathroom2',
            'SecretRoom3',
            'Dungeon2',
            'Dungeon3',
            'SecretRoom4',
            'Dungeon4',
            'Kitchen1',
            'Bathroom3',
            'Kitchen2',
            'Library3',
            'Bathroom4',
            'Library4',
            'Bathroom5',
            'Library5',
            'SecretRoom5',
            'Bathroom6',
            'Bathroom7',
            'Bathroom8',
            'SecretRoom6',
            'Dungeon5',
            'Library6',
            'Bathroom9',
            'Kitchen3',
            'Kitchen4',
            'Bathroom10',
            'Dungeon6',
            'Bathroom11',
            'Kitchen5',
            'Library7',
            'SecretRoom7',
            'Library8',
            'SecretRoom8',
            'SecretRoom9',
            'Kitchen6',
            'Dungeon7',
            'Kitchen7',
            'Bathroom12',
            'Library9',
            'Library10',
            'SecretRoom10',
            'Bathroom13',
            'Dungeon8',
            'Kitchen8',
            'Kitchen9',
            'Dungeon9',
            'Library11',
            'Dungeon10',
            'Kitchen10',
            'Kitchen11',
            'Dungeon11',
            'SecretRoom11',
            'SecretRoom12',
            'Dungeon12',
            'Library12',
            'Bathroom14',
            'Kitchen12',
            'Bathroom15',
            'Kitchen13',
            'SecretRoom13',
            'Dungeon13',
            'Library13',
            'Bathroom16',
            'Bathroom17',
            'Library14',
            'Dungeon14',
            'Dungeon15',
            'Library15',
            'SecretRoom14',
            'Dungeon16',
            'Kitchen14',
            'Library16',
            'Kitchen15',
            'Dungeon17',
            'SecretRoom15',
            'SecretRoom16',
            'SecretRoom17',
            'SecretRoom18',
            'Kitchen16',
            'Dungeon18',
            'Dungeon19',
            'SecretRoom19',
            'Kitchen17',
            'Library17',
            'SecretRoom20',
            'Kitchen18',
            'Kitchen19',
            'Dungeon20',
            'Library18',
            'Library19',
            'Kitchen20',
            'SecretRoom21',
            'SecretRoom22',
            'Kitchen21',
            'SecretRoom23',
            'Exit']}Entrance
Entrance
Entrance
Entrance
SecretRoom
Library1
Kitchen
SecretRoom2
SecretRoom2
Dungeon4
SecretRoom5
Bathroom11
Bathroom13
Bathroom11
SecretRoom5
Bathroom11
Bathroom11
SecretRoom5
